#
# A fatal error has been detected by the Java Runtime Environment:
#
#  EXCEPTION_ACCESS_VIOLATION (0xc0000005) at pc=0x00000000506eca43, pid=6524, tid=7196
#
# JRE version: Java(TM) SE Runtime Environment (8.0_45-b15) (build 1.8.0_45-b15)
# Java VM: Java HotSpot(TM) 64-Bit Server VM (25.45-b02 mixed mode windows-amd64 compressed oops)
# Problematic frame:
# V  [jvm.dll+0x13ca43]
#
# Failed to write core dump. Minidumps are not enabled by default on client versions of Windows
#
# If you would like to submit a bug report, please visit:
#   http://bugreport.java.com/bugreport/crash.jsp
#

---------------  T H R E A D  ---------------

Current thread (0x00000000188c9000):  JavaThread "AWT-EventQueue-0" [_thread_in_vm, id=7196, stack(0x0000000019980000,0x0000000019a80000)]

siginfo: ExceptionCode=0xc0000005, reading address 0x0000000283f7c268

Registers:
RAX=0x0000000000000000, RBX=0x00000000188c9000, RCX=0x0000000000000003, RDX=0x0000000283f7c200
RSP=0x0000000019a7be70, RBP=0x0000000019a7bfc0, RSI=0x00000000188c91f8, RDI=0x00000000188c9000
R8 =0xffff8000966ed720, R9 =0x00007fff6991290f, R10=0x000000000000002f, R11=0x000000000000002f
R12=0x0000000000000000, R13=0x0000000000000000, R14=0x0000000019a7c208, R15=0x0000000019a7c1d8
RIP=0x00000000506eca43, EFLAGS=0x0000000000010206

Top of Stack: (sp=0x0000000019a7be70)
0x0000000019a7be70:   00007fff699128e0 00000000188c9000
0x0000000019a7be80:   0000000019a7bfc0 0000000000000000
0x0000000019a7be90:   00000000188c9000 0000000000000000
0x0000000019a7bea0:   0000000000000000 0000000000000000
0x0000000019a7beb0:   0000000018ca71c0 00007fff69903007
0x0000000019a7bec0:   00000000188c91f8 0000000019a7bfc0
0x0000000019a7bed0:   00000000188c9000 0000000002d412e0
0x0000000019a7bee0:   0000000000000000 0000000002d413d7
0x0000000019a7bef0:   0000000002d416e0 0000000000000000
0x0000000019a7bf00:   0000000000000000 0000000000000000
0x0000000019a7bf10:   0000000002d412e0 0000000018010000
0x0000000019a7bf20:   0000000000000000 0000000000000000
0x0000000019a7bf30:   0000000000000000 0000000000000000
0x0000000019a7bf40:   0000000000000000 0000000000000000
0x0000000019a7bf50:   0000000000000000 0000000019a7c1f0
0x0000000019a7bf60:   0000000019a7c210 0000000019a7c1d8 

Instructions: (pc=0x00000000506eca43)
0x00000000506eca23:   00 00 48 8b 17 74 15 8b 52 08 8b 0d 75 3d 65 00
0x00000000506eca33:   48 d3 e2 48 03 15 63 3d 65 00 eb 04 48 8b 52 08
0x00000000506eca43:   48 8b 52 68 48 8b ce e8 11 61 0d 00 48 83 7c 24
0x00000000506eca53:   28 00 48 8b f0 74 0a 48 8d 4c 24 20 e8 2c ae 13 


Register to memory mapping:

RAX=0x0000000000000000 is an unknown value
RBX=0x00000000188c9000 is a thread
RCX=0x0000000000000003 is an unknown value
RDX=0x0000000283f7c200 is an unknown value
RSP=0x0000000019a7be70 is pointing into the stack for thread: 0x00000000188c9000
RBP=0x0000000019a7bfc0 is pointing into the stack for thread: 0x00000000188c9000
RSI=0x00000000188c91f8 is an unknown value
RDI=0x00000000188c9000 is a thread
R8 =0xffff8000966ed720 is an unknown value
R9 =0x00007fff6991290f is an unknown value
R10=0x000000000000002f is an unknown value
R11=0x000000000000002f is an unknown value
R12=0x0000000000000000 is an unknown value
R13=0x0000000000000000 is an unknown value
R14=0x0000000019a7c208 is pointing into the stack for thread: 0x00000000188c9000
R15=0x0000000019a7c1d8 is pointing into the stack for thread: 0x00000000188c9000


Stack: [0x0000000019980000,0x0000000019a80000],  sp=0x0000000019a7be70,  free space=1007k
Native frames: (J=compiled Java code, j=interpreted, Vv=VM code, C=native code)
V  [jvm.dll+0x13ca43]
C  [sqljdbc_auth.dll+0x3007]
C  0x0000000002cf5e34

Java frames: (J=compiled Java code, j=interpreted, Vv=VM code)
j  com.microsoft.sqlserver.jdbc.AuthenticationJNI.SNISecGenClientContext([B[I[BI[B[I[ZLjava/lang/String;Ljava/lang/String;Ljava/lang/String;Ljava/util/logging/Logger;)I+0
j  com.microsoft.sqlserver.jdbc.AuthenticationJNI.GenerateClientContext([BI[B[I[Z)I+24
j  com.microsoft.sqlserver.jdbc.SQLServerConnection.SSPIData([B[B[I[ZLcom/microsoft/sqlserver/jdbc/AuthenticationJNI;)V+13
j  com.microsoft.sqlserver.jdbc.SQLServerConnection.sendLogon(Lcom/microsoft/sqlserver/jdbc/SQLServerConnection$LogonCommand;Lcom/microsoft/sqlserver/jdbc/AuthenticationJNI;)V+151
j  com.microsoft.sqlserver.jdbc.SQLServerConnection.logon(Lcom/microsoft/sqlserver/jdbc/SQLServerConnection$LogonCommand;)V+20
j  com.microsoft.sqlserver.jdbc.SQLServerConnection.access$000(Lcom/microsoft/sqlserver/jdbc/SQLServerConnection;Lcom/microsoft/sqlserver/jdbc/SQLServerConnection$LogonCommand;)V+2
j  com.microsoft.sqlserver.jdbc.SQLServerConnection$LogonCommand.doExecute()Z+5
j  com.microsoft.sqlserver.jdbc.TDSCommand.execute(Lcom/microsoft/sqlserver/jdbc/TDSWriter;Lcom/microsoft/sqlserver/jdbc/TDSReader;)Z+30
j  com.microsoft.sqlserver.jdbc.SQLServerConnection.executeCommand(Lcom/microsoft/sqlserver/jdbc/TDSCommand;)Z+45
j  com.microsoft.sqlserver.jdbc.SQLServerConnection.connectHelper(Lcom/microsoft/sqlserver/jdbc/ServerPortPlaceHolder;II)V+284
j  com.microsoft.sqlserver.jdbc.SQLServerConnection.login(Ljava/lang/String;Ljava/lang/String;ILjava/lang/String;Lcom/microsoft/sqlserver/jdbc/FailoverInfo;IJ)V+399
j  com.microsoft.sqlserver.jdbc.SQLServerConnection.connect(Ljava/util/Properties;Lcom/microsoft/sqlserver/jdbc/SQLServerPooledConnection;)Ljava/sql/Connection;+1736
j  com.microsoft.sqlserver.jdbc.SQLServerDriver.connect(Ljava/lang/String;Ljava/util/Properties;)Ljava/sql/Connection;+45
j  java.sql.DriverManager.getConnection(Ljava/lang/String;Ljava/util/Properties;Ljava/lang/Class;)Ljava/sql/Connection;+171
j  java.sql.DriverManager.getConnection(Ljava/lang/String;)Ljava/sql/Connection;+13
j  BD.Conexion.conecta()Z+27
j  encuestamagjava.EncuestaMAGJAVA.NuevoRegistro(Ljava/util/List;)Z+4
j  GUI.Principal.GuardarActionPerformed(Ljava/awt/event/ActionEvent;)V+8
j  GUI.Principal.access$5800(LGUI/Principal;Ljava/awt/event/ActionEvent;)V+2
j  GUI.Principal$59.actionPerformed(Ljava/awt/event/ActionEvent;)V+5
j  javax.swing.AbstractButton.fireActionPerformed(Ljava/awt/event/ActionEvent;)V+83
j  javax.swing.AbstractButton$Handler.actionPerformed(Ljava/awt/event/ActionEvent;)V+5
j  javax.swing.DefaultButtonModel.fireActionPerformed(Ljava/awt/event/ActionEvent;)V+34
j  javax.swing.DefaultButtonModel.setPressed(Z)V+117
j  javax.swing.plaf.basic.BasicButtonListener.mouseReleased(Ljava/awt/event/MouseEvent;)V+35
j  java.awt.Component.processMouseEvent(Ljava/awt/event/MouseEvent;)V+64
j  javax.swing.JComponent.processMouseEvent(Ljava/awt/event/MouseEvent;)V+23
j  java.awt.Component.processEvent(Ljava/awt/AWTEvent;)V+81
j  java.awt.Container.processEvent(Ljava/awt/AWTEvent;)V+18
j  java.awt.Component.dispatchEventImpl(Ljava/awt/AWTEvent;)V+589
J 1728 C1 java.awt.Container.dispatchEventImpl(Ljava/awt/AWTEvent;)V (129 bytes) @ 0x0000000003252fc4 [0x0000000003252e80+0x144]
J 1727 C1 java.awt.Component.dispatchEvent(Ljava/awt/AWTEvent;)V (6 bytes) @ 0x0000000003252b04 [0x0000000003252a00+0x104]
j  java.awt.LightweightDispatcher.retargetMouseEvent(Ljava/awt/Component;ILjava/awt/event/MouseEvent;)V+327
j  java.awt.LightweightDispatcher.processMouseEvent(Ljava/awt/event/MouseEvent;)Z+143
j  java.awt.LightweightDispatcher.dispatchEvent(Ljava/awt/AWTEvent;)Z+50
J 1728 C1 java.awt.Container.dispatchEventImpl(Ljava/awt/AWTEvent;)V (129 bytes) @ 0x0000000003252f64 [0x0000000003252e80+0xe4]
j  java.awt.Window.dispatchEventImpl(Ljava/awt/AWTEvent;)V+19
J 1727 C1 java.awt.Component.dispatchEvent(Ljava/awt/AWTEvent;)V (6 bytes) @ 0x0000000003252b04 [0x0000000003252a00+0x104]
j  java.awt.EventQueue.dispatchEventImpl(Ljava/awt/AWTEvent;Ljava/lang/Object;)V+41
j  java.awt.EventQueue.access$500(Ljava/awt/EventQueue;Ljava/awt/AWTEvent;Ljava/lang/Object;)V+3
j  java.awt.EventQueue$3.run()Ljava/lang/Void;+32
j  java.awt.EventQueue$3.run()Ljava/lang/Object;+1
v  ~StubRoutines::call_stub
J 1707  java.security.AccessController.doPrivileged(Ljava/security/PrivilegedAction;Ljava/security/AccessControlContext;)Ljava/lang/Object; (0 bytes) @ 0x000000000322b626 [0x000000000322b5c0+0x66]
J 1617 C1 java.security.ProtectionDomain$1.doIntersectionPrivilege(Ljava/security/PrivilegedAction;Ljava/security/AccessControlContext;Ljava/security/AccessControlContext;)Ljava/lang/Object; (32 bytes) @ 0x00000000031e88fc [0x00000000031e8600+0x2fc]
j  java.security.ProtectionDomain$1.doIntersectionPrivilege(Ljava/security/PrivilegedAction;Ljava/security/AccessControlContext;)Ljava/lang/Object;+6
j  java.awt.EventQueue$4.run()Ljava/lang/Void;+11
j  java.awt.EventQueue$4.run()Ljava/lang/Object;+1
v  ~StubRoutines::call_stub
J 1707  java.security.AccessController.doPrivileged(Ljava/security/PrivilegedAction;Ljava/security/AccessControlContext;)Ljava/lang/Object; (0 bytes) @ 0x000000000322b626 [0x000000000322b5c0+0x66]
J 1720 C1 java.awt.EventQueue.dispatchEvent(Ljava/awt/AWTEvent;)V (80 bytes) @ 0x0000000003247734 [0x0000000003246a80+0xcb4]
J 1722 C1 java.awt.EventDispatchThread.pumpOneEventForFilters(I)V (295 bytes) @ 0x000000000324a474 [0x00000000032487c0+0x1cb4]
j  java.awt.EventDispatchThread.pumpEventsForFilter(ILjava/awt/Conditional;Ljava/awt/EventFilter;)V+35
j  java.awt.EventDispatchThread.pumpEventsForHierarchy(ILjava/awt/Conditional;Ljava/awt/Component;)V+11
j  java.awt.EventDispatchThread.pumpEvents(ILjava/awt/Conditional;)V+4
j  java.awt.EventDispatchThread.pumpEvents(Ljava/awt/Conditional;)V+3
j  java.awt.EventDispatchThread.run()V+9
v  ~StubRoutines::call_stub

---------------  P R O C E S S  ---------------

Java Threads: ( => current thread )
  0x0000000018ee6000 JavaThread "D3D Screen Updater" daemon [_thread_blocked, id=3924, stack(0x000000001d0d0000,0x000000001d1d0000)]
  0x0000000018ca2800 JavaThread "TimerQueue" daemon [_thread_blocked, id=5632, stack(0x000000001b900000,0x000000001ba00000)]
  0x0000000002cdd800 JavaThread "DestroyJavaVM" [_thread_blocked, id=9584, stack(0x00000000029e0000,0x0000000002ae0000)]
=>0x00000000188c9000 JavaThread "AWT-EventQueue-0" [_thread_in_vm, id=7196, stack(0x0000000019980000,0x0000000019a80000)]
  0x000000001824a000 JavaThread "AWT-Windows" daemon [_thread_in_native, id=11436, stack(0x0000000019270000,0x0000000019370000)]
  0x0000000018249800 JavaThread "AWT-Shutdown" [_thread_blocked, id=372, stack(0x0000000019170000,0x0000000019270000)]
  0x0000000018255000 JavaThread "Java2D Disposer" daemon [_thread_blocked, id=8164, stack(0x0000000019070000,0x0000000019170000)]
  0x0000000017e96000 JavaThread "Service Thread" daemon [_thread_blocked, id=5956, stack(0x0000000018270000,0x0000000018370000)]
  0x0000000016603800 JavaThread "C1 CompilerThread2" daemon [_thread_blocked, id=10508, stack(0x0000000017d70000,0x0000000017e70000)]
  0x0000000016600800 JavaThread "C2 CompilerThread1" daemon [_thread_blocked, id=1532, stack(0x0000000017c70000,0x0000000017d70000)]
  0x00000000165fd000 JavaThread "C2 CompilerThread0" daemon [_thread_blocked, id=8664, stack(0x0000000017b70000,0x0000000017c70000)]
  0x00000000165fb800 JavaThread "Attach Listener" daemon [_thread_blocked, id=9932, stack(0x0000000017a70000,0x0000000017b70000)]
  0x00000000165fa000 JavaThread "Signal Dispatcher" daemon [_thread_blocked, id=11472, stack(0x0000000017970000,0x0000000017a70000)]
  0x0000000002c47000 JavaThread "Finalizer" daemon [_thread_blocked, id=8428, stack(0x0000000017870000,0x0000000017970000)]
  0x0000000002c3e000 JavaThread "Reference Handler" daemon [_thread_blocked, id=11236, stack(0x0000000017770000,0x0000000017870000)]

Other Threads:
  0x00000000165c7800 VMThread [stack: 0x0000000017670000,0x0000000017770000] [id=8096]
  0x0000000017e97800 WatcherThread [stack: 0x0000000018370000,0x0000000018470000] [id=11484]

VM state:not at safepoint (normal execution)

VM Mutex/Monitor currently owned by a thread: None

Heap:
 PSYoungGen      total 28672K, used 10781K [0x00000000e0300000, 0x00000000e2300000, 0x0000000100000000)
  eden space 24576K, 27% used [0x00000000e0300000,0x00000000e098b720,0x00000000e1b00000)
  from space 4096K, 99% used [0x00000000e1b00000,0x00000000e1efc010,0x00000000e1f00000)
  to   space 4096K, 0% used [0x00000000e1f00000,0x00000000e1f00000,0x00000000e2300000)
 ParOldGen       total 65536K, used 1033K [0x00000000a0800000, 0x00000000a4800000, 0x00000000e0300000)
  object space 65536K, 1% used [0x00000000a0800000,0x00000000a0902580,0x00000000a4800000)
 Metaspace       used 17020K, capacity 17278K, committed 17536K, reserved 1064960K
  class space    used 1995K, capacity 2065K, committed 2176K, reserved 1048576K

Card table byte_map: [0x00000000120a0000,0x00000000123a0000] byte_map_base: 0x0000000011b9c000

Marking Bits: (ParMarkBitMap*) 0x0000000050db4040
 Begin Bits: [0x00000000129a0000, 0x0000000014180000)
 End Bits:   [0x0000000014180000, 0x0000000015960000)

Polling page: 0x0000000001220000

CodeCache: size=245760Kb used=7059Kb max_used=7072Kb free=238700Kb
 bounds [0x0000000002ce0000, 0x00000000033d0000, 0x0000000011ce0000]
 total_blobs=2849 nmethods=2291 adapters=469
 compilation: enabled

Compilation events (10 events):
Event: 3.812 Thread 0x0000000016603800 2290       3       sun.security.provider.DigestBase::engineDigest (112 bytes)
Event: 3.812 Thread 0x00000000165fd000 nmethod 2287 0x00000000033cc0d0 code [0x00000000033cc200, 0x00000000033cc278]
Event: 3.812 Thread 0x0000000016600800 nmethod 2286 0x00000000033c7ad0 code [0x00000000033c7c00, 0x00000000033c7c78]
Event: 3.812 Thread 0x00000000165fd000 2288       4       sun.security.provider.MD5::HH (29 bytes)
Event: 3.812 Thread 0x0000000016600800 2289       4       sun.security.provider.MD5::II (31 bytes)
Event: 3.812 Thread 0x00000000165fd000 nmethod 2288 0x00000000033c7cd0 code [0x00000000033c7e00, 0x00000000033c7e78]
Event: 3.812 Thread 0x0000000016600800 nmethod 2289 0x00000000033c78d0 code [0x00000000033c7a00, 0x00000000033c7a78]
Event: 3.812 Thread 0x0000000016603800 nmethod 2290 0x00000000033ca710 code [0x00000000033ca980, 0x00000000033cba18]
Event: 3.816 Thread 0x0000000016603800 2291       1       java.util.logging.Level::intValue (5 bytes)
Event: 3.816 Thread 0x0000000016603800 nmethod 2291 0x00000000033c73d0 code [0x00000000033c7520, 0x00000000033c7630]

GC Heap History (2 events):
Event: 3.703 GC heap before
{Heap before GC invocations=1 (full 0):
 PSYoungGen      total 28672K, used 24576K [0x00000000e0300000, 0x00000000e2300000, 0x0000000100000000)
  eden space 24576K, 100% used [0x00000000e0300000,0x00000000e1b00000,0x00000000e1b00000)
  from space 4096K, 0% used [0x00000000e1f00000,0x00000000e1f00000,0x00000000e2300000)
  to   space 4096K, 0% used [0x00000000e1b00000,0x00000000e1b00000,0x00000000e1f00000)
 ParOldGen       total 65536K, used 0K [0x00000000a0800000, 0x00000000a4800000, 0x00000000e0300000)
  object space 65536K, 0% used [0x00000000a0800000,0x00000000a0800000,0x00000000a4800000)
 Metaspace       used 16363K, capacity 16536K, committed 16640K, reserved 1064960K
  class space    used 1938K, capacity 2032K, committed 2048K, reserved 1048576K
Event: 3.710 GC heap after
Heap after GC invocations=1 (full 0):
 PSYoungGen      total 28672K, used 4080K [0x00000000e0300000, 0x00000000e2300000, 0x0000000100000000)
  eden space 24576K, 0% used [0x00000000e0300000,0x00000000e0300000,0x00000000e1b00000)
  from space 4096K, 99% used [0x00000000e1b00000,0x00000000e1efc010,0x00000000e1f00000)
  to   space 4096K, 0% used [0x00000000e1f00000,0x00000000e1f00000,0x00000000e2300000)
 ParOldGen       total 65536K, used 1033K [0x00000000a0800000, 0x00000000a4800000, 0x00000000e0300000)
  object space 65536K, 1% used [0x00000000a0800000,0x00000000a0902580,0x00000000a4800000)
 Metaspace       used 16363K, capacity 16536K, committed 16640K, reserved 1064960K
  class space    used 1938K, capacity 2032K, committed 2048K, reserved 1048576K
}

Deoptimization events (10 events):
Event: 3.101 Thread 0x00000000188c9000 Uncommon trap: reason=class_check action=maybe_recompile pc=0x0000000002ff679c method=java.util.HashSet.add(Ljava/lang/Object;)Z @ 8
Event: 3.105 Thread 0x00000000188c9000 Uncommon trap: reason=class_check action=maybe_recompile pc=0x0000000002ff679c method=java.util.HashSet.add(Ljava/lang/Object;)Z @ 8
Event: 3.201 Thread 0x00000000188c9000 Uncommon trap: reason=class_check action=maybe_recompile pc=0x0000000002ff679c method=java.util.HashSet.add(Ljava/lang/Object;)Z @ 8
Event: 3.201 Thread 0x00000000188c9000 Uncommon trap: reason=class_check action=maybe_recompile pc=0x0000000002ff679c method=java.util.HashSet.add(Ljava/lang/Object;)Z @ 8
Event: 3.201 Thread 0x00000000188c9000 Uncommon trap: reason=class_check action=maybe_recompile pc=0x0000000002f9be7c method=java.util.HashMap.putVal(ILjava/lang/Object;Ljava/lang/Object;ZZ)Ljava/lang/Object; @ 253
Event: 3.201 Thread 0x00000000188c9000 Uncommon trap: reason=class_check action=maybe_recompile pc=0x0000000002f9be7c method=java.util.HashMap.putVal(ILjava/lang/Object;Ljava/lang/Object;ZZ)Ljava/lang/Object; @ 253
Event: 3.201 Thread 0x00000000188c9000 Uncommon trap: reason=class_check action=maybe_recompile pc=0x0000000002f9be7c method=java.util.HashMap.putVal(ILjava/lang/Object;Ljava/lang/Object;ZZ)Ljava/lang/Object; @ 253
Event: 3.201 Thread 0x00000000188c9000 Uncommon trap: reason=class_check action=maybe_recompile pc=0x0000000002f9be7c method=java.util.HashMap.putVal(ILjava/lang/Object;Ljava/lang/Object;ZZ)Ljava/lang/Object; @ 253
Event: 3.201 Thread 0x00000000188c9000 Uncommon trap: reason=class_check action=maybe_recompile pc=0x0000000002ed4b30 method=java.util.HashMap.putVal(ILjava/lang/Object;Ljava/lang/Object;ZZ)Ljava/lang/Object; @ 253
Event: 3.727 Thread 0x00000000188c9000 Uncommon trap: reason=unstable_if action=reinterpret pc=0x0000000003260700 method=java.lang.ref.SoftReference.get()Ljava/lang/Object; @ 17

Internal exceptions (10 events):
Event: 0.261 Thread 0x0000000002cdd800 Exception <a 'java/lang/ClassNotFoundException': ToolBar> (0x00000000e077dec0) thrown at [C:\re\workspace\8-2-build-windows-amd64-cygwin\jdk8u45\3627\hotspot\src\share\vm\classfile\systemDictionary.cpp, line 210]
Event: 0.261 Thread 0x0000000002cdd800 Exception <a 'java/lang/ClassNotFoundException': ToggleButton> (0x00000000e077e418) thrown at [C:\re\workspace\8-2-build-windows-amd64-cygwin\jdk8u45\3627\hotspot\src\share\vm\classfile\systemDictionary.cpp, line 210]
Event: 0.261 Thread 0x0000000002cdd800 Exception <a 'java/lang/ClassNotFoundException': javax/swing/JToolBarSeparator> (0x00000000e077e820) thrown at [C:\re\workspace\8-2-build-windows-amd64-cygwin\jdk8u45\3627\hotspot\src\share\vm\classfile\systemDictionary.cpp, line 210]
Event: 0.261 Thread 0x0000000002cdd800 Exception <a 'java/lang/ClassNotFoundException': ToolBarSeparator> (0x00000000e077ec60) thrown at [C:\re\workspace\8-2-build-windows-amd64-cygwin\jdk8u45\3627\hotspot\src\share\vm\classfile\systemDictionary.cpp, line 210]
Event: 0.261 Thread 0x0000000002cdd800 Exception <a 'java/lang/ClassNotFoundException': ToolTip> (0x00000000e077f348) thrown at [C:\re\workspace\8-2-build-windows-amd64-cygwin\jdk8u45\3627\hotspot\src\share\vm\classfile\systemDictionary.cpp, line 210]
Event: 0.262 Thread 0x0000000002cdd800 Exception <a 'java/lang/ClassNotFoundException': Tree> (0x00000000e077ff10) thrown at [C:\re\workspace\8-2-build-windows-amd64-cygwin\jdk8u45\3627\hotspot\src\share\vm\classfile\systemDictionary.cpp, line 210]
Event: 0.262 Thread 0x0000000002cdd800 Exception <a 'java/lang/ClassNotFoundException': Tree> (0x00000000e07805f8) thrown at [C:\re\workspace\8-2-build-windows-amd64-cygwin\jdk8u45\3627\hotspot\src\share\vm\classfile\systemDictionary.cpp, line 210]
Event: 0.262 Thread 0x0000000002cdd800 Exception <a 'java/lang/ClassNotFoundException': javax/swing/JTreeCell> (0x00000000e0780920) thrown at [C:\re\workspace\8-2-build-windows-amd64-cygwin\jdk8u45\3627\hotspot\src\share\vm\classfile\systemDictionary.cpp, line 210]
Event: 0.262 Thread 0x0000000002cdd800 Exception <a 'java/lang/ClassNotFoundException': TreeCell> (0x00000000e0780d50) thrown at [C:\re\workspace\8-2-build-windows-amd64-cygwin\jdk8u45\3627\hotspot\src\share\vm\classfile\systemDictionary.cpp, line 210]
Event: 0.262 Thread 0x0000000002cdd800 Exception <a 'java/lang/ClassNotFoundException': RootPane> (0x00000000e0781758) thrown at [C:\re\workspace\8-2-build-windows-amd64-cygwin\jdk8u45\3627\hotspot\src\share\vm\classfile\systemDictionary.cpp, line 210]

Events (10 events):
Event: 3.813 loading class com/sun/crypto/provider/HmacSHA1
Event: 3.813 loading class com/sun/crypto/provider/HmacSHA1 done
Event: 3.813 loading class com/sun/crypto/provider/HmacCore
Event: 3.813 loading class com/sun/crypto/provider/HmacCore done
Event: 3.814 loading class javax/crypto/MacSpi
Event: 3.814 loading class javax/crypto/MacSpi done
Event: 3.816 loading class sun/security/ssl/CipherBox$1
Event: 3.816 loading class sun/security/ssl/CipherBox$1 done
Event: 3.817 loading class com/microsoft/sqlserver/jdbc/AuthenticationJNI
Event: 3.817 loading class com/microsoft/sqlserver/jdbc/AuthenticationJNI done


Dynamic libraries:
0x00007ff6519c0000 - 0x00007ff6519f7000 	C:\Program Files\Java\jdk1.8.0_45\bin\java.exe
0x00007fff739f0000 - 0x00007fff73b9c000 	C:\Windows\SYSTEM32\ntdll.dll
0x00007fff72670000 - 0x00007fff727ae000 	C:\Windows\system32\KERNEL32.DLL
0x00007fff70ea0000 - 0x00007fff70fb5000 	C:\Windows\system32\KERNELBASE.dll
0x00007fff6f670000 - 0x00007fff6f6fe000 	C:\Windows\system32\apphelp.dll
0x00007fff6a050000 - 0x00007fff6a0a3000 	C:\Windows\AppPatch\AppPatch64\AcGenral.DLL
0x00007fff736c0000 - 0x00007fff7376a000 	C:\Windows\system32\msvcrt.dll
0x00007fff70970000 - 0x00007fff7099e000 	C:\Windows\SYSTEM32\SspiCli.dll
0x00007fff72ed0000 - 0x00007fff72f24000 	C:\Windows\system32\SHLWAPI.dll
0x00007fff73150000 - 0x00007fff732c7000 	C:\Windows\system32\USER32.dll
0x00007fff73790000 - 0x00007fff73924000 	C:\Windows\system32\ole32.dll
0x00007fff71070000 - 0x00007fff7259b000 	C:\Windows\system32\SHELL32.dll
0x00007fff700e0000 - 0x00007fff70101000 	C:\Windows\SYSTEM32\USERENV.dll
0x00007fff72940000 - 0x00007fff729ea000 	C:\Windows\system32\ADVAPI32.dll
0x00007fff63340000 - 0x00007fff6335e000 	C:\Windows\SYSTEM32\MPR.dll
0x00007fff732d0000 - 0x00007fff73411000 	C:\Windows\system32\RPCRT4.dll
0x00007fff73660000 - 0x00007fff736b9000 	C:\Windows\SYSTEM32\sechost.dll
0x00007fff72f30000 - 0x00007fff73141000 	C:\Windows\SYSTEM32\combase.dll
0x00007fff727f0000 - 0x00007fff72940000 	C:\Windows\system32\GDI32.dll
0x00007fff70b40000 - 0x00007fff70b55000 	C:\Windows\SYSTEM32\profapi.dll
0x00007fff6f2d0000 - 0x00007fff6f382000 	C:\Windows\SYSTEM32\SHCORE.dll
0x00007fff727b0000 - 0x00007fff727e6000 	C:\Windows\system32\IMM32.DLL
0x00007fff73500000 - 0x00007fff73652000 	C:\Windows\system32\MSCTF.dll
0x00007fff6e720000 - 0x00007fff6e99b000 	C:\Windows\WinSxS\amd64_microsoft.windows.common-controls_6595b64144ccf1df_6.0.9600.18006_none_623f33d3ecbe86e8\COMCTL32.dll
0x00000000504d0000 - 0x00000000505a2000 	C:\Program Files\Java\jdk1.8.0_45\jre\bin\msvcr100.dll
0x00000000505b0000 - 0x0000000050e33000 	C:\Program Files\Java\jdk1.8.0_45\jre\bin\server\jvm.dll
0x00007fff68040000 - 0x00007fff68049000 	C:\Windows\SYSTEM32\WSOCK32.dll
0x00007fff6d070000 - 0x00007fff6d092000 	C:\Windows\SYSTEM32\WINMM.dll
0x00007fff6fb80000 - 0x00007fff6fb8a000 	C:\Windows\SYSTEM32\VERSION.dll
0x00007fff73770000 - 0x00007fff73777000 	C:\Windows\system32\PSAPI.DLL
0x00007fff73480000 - 0x00007fff734da000 	C:\Windows\system32\WS2_32.dll
0x00007fff6d030000 - 0x00007fff6d05a000 	C:\Windows\SYSTEM32\WINMMBASE.dll
0x00007fff734e0000 - 0x00007fff734e9000 	C:\Windows\system32\NSI.dll
0x00007fff70e50000 - 0x00007fff70e9f000 	C:\Windows\SYSTEM32\cfgmgr32.dll
0x00007fff6f8e0000 - 0x00007fff6f908000 	C:\Windows\SYSTEM32\DEVOBJ.dll
0x0000000050480000 - 0x000000005048f000 	C:\Program Files\Java\jdk1.8.0_45\jre\bin\verify.dll
0x0000000050450000 - 0x0000000050479000 	C:\Program Files\Java\jdk1.8.0_45\jre\bin\java.dll
0x0000000050430000 - 0x0000000050446000 	C:\Program Files\Java\jdk1.8.0_45\jre\bin\zip.dll
0x0000000050250000 - 0x00000000503e8000 	C:\Program Files\Java\jdk1.8.0_45\jre\bin\awt.dll
0x00007fff725a0000 - 0x00007fff72661000 	C:\Windows\system32\OLEAUT32.dll
0x00007fff6f530000 - 0x00007fff6f659000 	C:\Windows\system32\uxtheme.dll
0x0000000051050000 - 0x0000000051056000 	C:\Program Files\ESET\ESET NOD32 Antivirus\eplgHooks.dll
0x00007fff6ee40000 - 0x00007fff6ee61000 	C:\Windows\system32\dwmapi.dll
0x00007fff6f930000 - 0x00007fff6f93b000 	C:\Windows\SYSTEM32\kernel.appcore.dll
0x00007fff70a10000 - 0x00007fff70a1b000 	C:\Windows\SYSTEM32\CRYPTBASE.dll
0x00007fff709a0000 - 0x00007fff70a03000 	C:\Windows\SYSTEM32\bcryptPrimitives.dll
0x0000000050200000 - 0x0000000050247000 	C:\Program Files\Java\jdk1.8.0_45\jre\bin\fontmanager.dll
0x00007fff5b990000 - 0x00007fff5bbb1000 	C:\Windows\system32\d3d9.dll
0x00007fff4cda0000 - 0x00007fff4de56000 	C:\Windows\SYSTEM32\nvd3dumx.dll
0x00007fff70a40000 - 0x00007fff70a86000 	C:\Windows\system32\powrprof.dll
0x00007fff6d710000 - 0x00007fff6d87c000 	C:\Program Files (x86)\NVIDIA Corporation\3D Vision\nvSCPAPI64.dll
0x00007fff729f0000 - 0x00007fff72bca000 	C:\Windows\system32\SETUPAPI.dll
0x0000000050410000 - 0x000000005042a000 	C:\Program Files\Java\jdk1.8.0_45\jre\bin\net.dll
0x0000000180000000 - 0x000000018006d000 	C:\Windows\system32\LavasoftTcpService64.dll
0x00007fff70350000 - 0x00007fff703a9000 	C:\Windows\SYSTEM32\MSWSOCK.dll
0x00007fff6fb90000 - 0x00007fff6fbba000 	C:\Windows\SYSTEM32\IPHLPAPI.DLL
0x00007fff6fb70000 - 0x00007fff6fb7a000 	C:\Windows\SYSTEM32\WINNSI.DLL
0x00000000503f0000 - 0x0000000050401000 	C:\Program Files\Java\jdk1.8.0_45\jre\bin\nio.dll
0x00000000501b0000 - 0x00000000501f1000 	C:\Program Files\Java\jdk1.8.0_45\jre\bin\t2k.dll
0x00007fff72c60000 - 0x00007fff72d16000 	C:\Windows\SYSTEM32\clbcatq.dll
0x00007fff6dac0000 - 0x00007fff6dc6e000 	C:\Windows\SYSTEM32\WindowsCodecs.dll
0x00007fff703b0000 - 0x00007fff703d0000 	C:\Windows\SYSTEM32\CRYPTSP.dll
0x00007fff6ffd0000 - 0x00007fff70006000 	C:\Windows\system32\rsaenh.dll
0x00007fff70600000 - 0x00007fff70626000 	C:\Windows\SYSTEM32\bcrypt.dll
0x0000000050140000 - 0x000000005016a000 	C:\Program Files\Java\jdk1.8.0_45\jre\bin\dcpr.dll
0x00007fff70150000 - 0x00007fff701f4000 	C:\Windows\SYSTEM32\DNSAPI.dll
0x0000000052ef0000 - 0x0000000052f16000 	C:\Program Files\Bonjour\mdnsNSP.dll
0x00007fff6ad90000 - 0x00007fff6ad9a000 	C:\Windows\System32\rasadhlp.dll
0x00007fff6acb0000 - 0x00007fff6ad1b000 	C:\Windows\System32\fwpuclnt.dll
0x0000000050170000 - 0x0000000050194000 	C:\Program Files\Java\jdk1.8.0_45\jre\bin\sunec.dll
0x00007fff6ac40000 - 0x00007fff6ac56000 	C:\Windows\SYSTEM32\dhcpcsvc6.DLL
0x00007fff6ae40000 - 0x00007fff6ae5a000 	C:\Windows\SYSTEM32\dhcpcsvc.DLL
0x00007fff69100000 - 0x00007fff69115000 	C:\Windows\system32\napinsp.dll
0x00007fff690e0000 - 0x00007fff690fa000 	C:\Windows\system32\pnrpnsp.dll
0x00007fff6c300000 - 0x00007fff6c31b000 	C:\Windows\system32\NLAapi.dll
0x00007fff6b1c0000 - 0x00007fff6b1cd000 	C:\Windows\System32\winrnr.dll
0x00007fff69900000 - 0x00007fff69922000 	C:\Program Files\Java\jdk1.8.0_45\jre\bin\sqljdbc_auth.dll
0x00007fff63e30000 - 0x00007fff63e3c000 	C:\Windows\system32\secur32.dll
0x00007fff703d0000 - 0x00007fff704c9000 	C:\Windows\system32\kerberos.DLL
0x00007fff70bf0000 - 0x00007fff70c01000 	C:\Windows\system32\MSASN1.dll
0x00007fff704d0000 - 0x00007fff704ea000 	C:\Windows\SYSTEM32\cryptdll.dll
0x00007fff702e0000 - 0x00007fff7034e000 	C:\Windows\system32\msv1_0.DLL
0x00007fff6bb90000 - 0x00007fff6bbb9000 	C:\Windows\system32\ntdsapi.dll
0x00007fff5dec0000 - 0x00007fff5e049000 	C:\Windows\SYSTEM32\dbghelp.dll

VM Arguments:
jvm_args: -Dfile.encoding=UTF-8 
java_command: GUI.Principal
java_class_path (initial): D:\ArmanJB\Escritorio\MAG\sqljdbc4.jar;D:\ArmanJB\Escritorio\MAG\EncuestaMAGJAVA\build\classes
Launcher Type: SUN_STANDARD

Environment Variables:
JAVA_HOME=C:\Program Files\Java\jdk1.8.0_45
PATH=C:\Program Files (x86)\Common Files\Intel\Shared Files\cpp\bin\Intel64;C:\ProgramData\Oracle\Java\javapath;C:\Program Files (x86)\NVIDIA Corporation\PhysX\Common;C:\Windows\system32;C:\Windows;C:\Windows\System32\Wbem;C:\Windows\System32\WindowsPowerShell\v1.0\;C:\Program Files (x86)\Microsoft SQL Server\100\Tools\Binn\;C:\Program Files (x86)\Microsoft SQL Server\100\DTS\Binn\;C:\Program Files (x86)\Microsoft SQL Server\100\Tools\Binn\VSShell\Common7\IDE\;C:\Program Files (x86)\Microsoft Visual Studio 9.0\Common7\IDE\PrivateAssemblies\;C:\Program Files\Common Files\Autodesk Shared\;C:\Program Files\Microsoft\Web Platform Installer\;C:\Program Files (x86)\Microsoft ASP.NET\ASP.NET Web Pages\v1.0\;C:\Program Files (x86)\Windows Kits\8.0\Windows Performance Toolkit\;C:\Program Files\Microsoft SQL Server\110\Tools\Binn\;C:\Program Files (x86)\Windows Live\Shared;C:\Program Files (x86)\Skype\Phone\;C:\xampp\php;C:\ProgramData\ComposerSetup\bin;C:\Windows\system32\config\systemprofile\.dnx\bin;C:\Program Files\Microsoft DNX\Dnvm\;C:\Users\ArmanJB\AppData\Roaming\Composer\vendor\bin
USERNAME=ArmanJB
OS=Windows_NT
PROCESSOR_IDENTIFIER=Intel64 Family 6 Model 42 Stepping 7, GenuineIntel



---------------  S Y S T E M  ---------------

OS: Windows 8.1 , 64 bit Build 9600 (6.3.9600.17415)

CPU:total 4 (4 cores per cpu, 1 threads per core) family 6 model 42 stepping 7, cmov, cx8, fxsr, mmx, sse, sse2, sse3, ssse3, sse4.1, sse4.2, popcnt, avx, aes, clmul, tsc, tscinvbit

Memory: 4k page, physical 6255828k(1612276k free), swap 7595684k(1945820k free)

vm_info: Java HotSpot(TM) 64-Bit Server VM (25.45-b02) for windows-amd64 JRE (1.8.0_45-b15), built on Apr 30 2015 12:40:44 by "java_re" with MS VC++ 10.0 (VS2010)

time: Mon May 30 17:34:10 2016
elapsed time: 4 seconds (0d 0h 0m 4s)

