#
# A fatal error has been detected by the Java Runtime Environment:
#
#  EXCEPTION_ACCESS_VIOLATION (0xc0000005) at pc=0x00000000506eca43, pid=4360, tid=1980
#
# JRE version: Java(TM) SE Runtime Environment (8.0_45-b15) (build 1.8.0_45-b15)
# Java VM: Java HotSpot(TM) 64-Bit Server VM (25.45-b02 mixed mode windows-amd64 compressed oops)
# Problematic frame:
# V  [jvm.dll+0x13ca43]
#
# Failed to write core dump. Minidumps are not enabled by default on client versions of Windows
#
# If you would like to submit a bug report, please visit:
#   http://bugreport.java.com/bugreport/crash.jsp
#

---------------  T H R E A D  ---------------

Current thread (0x00000000186fc800):  JavaThread "AWT-EventQueue-0" [_thread_in_vm, id=1980, stack(0x00000000197a0000,0x00000000198a0000)]

siginfo: ExceptionCode=0xc0000005, reading address 0x0000000283f7c268

Registers:
RAX=0x0000000000000000, RBX=0x00000000186fc800, RCX=0x0000000000000003, RDX=0x0000000283f7c200
RSP=0x000000001989be80, RBP=0x000000001989bfd0, RSI=0x00000000186fc9f8, RDI=0x00000000186fc800
R8 =0xffff80009b1ad720, R9 =0x00007fff64e5290f, R10=0x000000000000002f, R11=0x000000000000002f
R12=0x0000000000000000, R13=0x0000000000000000, R14=0x000000001989c218, R15=0x000000001989c1e8
RIP=0x00000000506eca43, EFLAGS=0x0000000000010206

Top of Stack: (sp=0x000000001989be80)
0x000000001989be80:   00007fff64e528e0 00000000186fc800
0x000000001989be90:   000000001989bfd0 0000000000000000
0x000000001989bea0:   00000000186fc800 0000000000000000
0x000000001989beb0:   0000000000000000 0000000000000000
0x000000001989bec0:   0000000018852910 00007fff64e43007
0x000000001989bed0:   00000000186fc9f8 000000001989bfd0
0x000000001989bee0:   00000000186fc800 0000000002ba12e0
0x000000001989bef0:   0000000000000000 0000000002ba13d7
0x000000001989bf00:   0000000002ba16e0 0000000000000000
0x000000001989bf10:   0000000000000000 0000000000000000
0x000000001989bf20:   0000000002ba12e0 0000000016010000
0x000000001989bf30:   0000000000000000 0000000000000000
0x000000001989bf40:   0000000000000000 0000000000000000
0x000000001989bf50:   0000000000000000 0000000000000000
0x000000001989bf60:   0000000000000000 000000001989c200
0x000000001989bf70:   000000001989c220 000000001989c1e8 

Instructions: (pc=0x00000000506eca43)
0x00000000506eca23:   00 00 48 8b 17 74 15 8b 52 08 8b 0d 75 3d 65 00
0x00000000506eca33:   48 d3 e2 48 03 15 63 3d 65 00 eb 04 48 8b 52 08
0x00000000506eca43:   48 8b 52 68 48 8b ce e8 11 61 0d 00 48 83 7c 24
0x00000000506eca53:   28 00 48 8b f0 74 0a 48 8d 4c 24 20 e8 2c ae 13 


Register to memory mapping:

RAX=0x0000000000000000 is an unknown value
RBX=0x00000000186fc800 is a thread
RCX=0x0000000000000003 is an unknown value
RDX=0x0000000283f7c200 is an unknown value
RSP=0x000000001989be80 is pointing into the stack for thread: 0x00000000186fc800
RBP=0x000000001989bfd0 is pointing into the stack for thread: 0x00000000186fc800
RSI=0x00000000186fc9f8 is an unknown value
RDI=0x00000000186fc800 is a thread
R8 =0xffff80009b1ad720 is an unknown value
R9 =0x00007fff64e5290f is an unknown value
R10=0x000000000000002f is an unknown value
R11=0x000000000000002f is an unknown value
R12=0x0000000000000000 is an unknown value
R13=0x0000000000000000 is an unknown value
R14=0x000000001989c218 is pointing into the stack for thread: 0x00000000186fc800
R15=0x000000001989c1e8 is pointing into the stack for thread: 0x00000000186fc800


Stack: [0x00000000197a0000,0x00000000198a0000],  sp=0x000000001989be80,  free space=1007k
Native frames: (J=compiled Java code, j=interpreted, Vv=VM code, C=native code)
V  [jvm.dll+0x13ca43]
C  [sqljdbc_auth.dll+0x3007]
C  0x0000000002b55e34

Java frames: (J=compiled Java code, j=interpreted, Vv=VM code)
j  com.microsoft.sqlserver.jdbc.AuthenticationJNI.SNISecGenClientContext([B[I[BI[B[I[ZLjava/lang/String;Ljava/lang/String;Ljava/lang/String;Ljava/util/logging/Logger;)I+0
j  com.microsoft.sqlserver.jdbc.AuthenticationJNI.GenerateClientContext([BI[B[I[Z)I+24
j  com.microsoft.sqlserver.jdbc.SQLServerConnection.SSPIData([B[B[I[ZLcom/microsoft/sqlserver/jdbc/AuthenticationJNI;)V+13
j  com.microsoft.sqlserver.jdbc.SQLServerConnection.sendLogon(Lcom/microsoft/sqlserver/jdbc/SQLServerConnection$LogonCommand;Lcom/microsoft/sqlserver/jdbc/AuthenticationJNI;)V+151
j  com.microsoft.sqlserver.jdbc.SQLServerConnection.logon(Lcom/microsoft/sqlserver/jdbc/SQLServerConnection$LogonCommand;)V+20
j  com.microsoft.sqlserver.jdbc.SQLServerConnection.access$000(Lcom/microsoft/sqlserver/jdbc/SQLServerConnection;Lcom/microsoft/sqlserver/jdbc/SQLServerConnection$LogonCommand;)V+2
j  com.microsoft.sqlserver.jdbc.SQLServerConnection$LogonCommand.doExecute()Z+5
j  com.microsoft.sqlserver.jdbc.TDSCommand.execute(Lcom/microsoft/sqlserver/jdbc/TDSWriter;Lcom/microsoft/sqlserver/jdbc/TDSReader;)Z+30
j  com.microsoft.sqlserver.jdbc.SQLServerConnection.executeCommand(Lcom/microsoft/sqlserver/jdbc/TDSCommand;)Z+45
j  com.microsoft.sqlserver.jdbc.SQLServerConnection.connectHelper(Lcom/microsoft/sqlserver/jdbc/ServerPortPlaceHolder;II)V+284
j  com.microsoft.sqlserver.jdbc.SQLServerConnection.login(Ljava/lang/String;Ljava/lang/String;ILjava/lang/String;Lcom/microsoft/sqlserver/jdbc/FailoverInfo;IJ)V+399
j  com.microsoft.sqlserver.jdbc.SQLServerConnection.connect(Ljava/util/Properties;Lcom/microsoft/sqlserver/jdbc/SQLServerPooledConnection;)Ljava/sql/Connection;+1736
j  com.microsoft.sqlserver.jdbc.SQLServerDriver.connect(Ljava/lang/String;Ljava/util/Properties;)Ljava/sql/Connection;+45
j  java.sql.DriverManager.getConnection(Ljava/lang/String;Ljava/util/Properties;Ljava/lang/Class;)Ljava/sql/Connection;+171
j  java.sql.DriverManager.getConnection(Ljava/lang/String;)Ljava/sql/Connection;+13
j  BD.Conexion.conecta()Z+27
j  encuestamagjava.EncuestaMAGJAVA.NuevoRegistro(Ljava/util/List;)Z+4
j  GUI.Principal.GuardarActionPerformed(Ljava/awt/event/ActionEvent;)V+8
j  GUI.Principal.access$5800(LGUI/Principal;Ljava/awt/event/ActionEvent;)V+2
j  GUI.Principal$59.actionPerformed(Ljava/awt/event/ActionEvent;)V+5
j  javax.swing.AbstractButton.fireActionPerformed(Ljava/awt/event/ActionEvent;)V+83
j  javax.swing.AbstractButton$Handler.actionPerformed(Ljava/awt/event/ActionEvent;)V+5
j  javax.swing.DefaultButtonModel.fireActionPerformed(Ljava/awt/event/ActionEvent;)V+34
j  javax.swing.DefaultButtonModel.setPressed(Z)V+117
j  javax.swing.plaf.basic.BasicButtonListener.mouseReleased(Ljava/awt/event/MouseEvent;)V+35
j  java.awt.Component.processMouseEvent(Ljava/awt/event/MouseEvent;)V+64
j  javax.swing.JComponent.processMouseEvent(Ljava/awt/event/MouseEvent;)V+23
j  java.awt.Component.processEvent(Ljava/awt/AWTEvent;)V+81
j  java.awt.Container.processEvent(Ljava/awt/AWTEvent;)V+18
j  java.awt.Component.dispatchEventImpl(Ljava/awt/AWTEvent;)V+589
J 1799 C1 java.awt.Container.dispatchEventImpl(Ljava/awt/AWTEvent;)V (129 bytes) @ 0x00000000030e2a44 [0x00000000030e2900+0x144]
J 1798 C1 java.awt.Component.dispatchEvent(Ljava/awt/AWTEvent;)V (6 bytes) @ 0x00000000030e0384 [0x00000000030e0280+0x104]
j  java.awt.LightweightDispatcher.retargetMouseEvent(Ljava/awt/Component;ILjava/awt/event/MouseEvent;)V+327
j  java.awt.LightweightDispatcher.processMouseEvent(Ljava/awt/event/MouseEvent;)Z+143
j  java.awt.LightweightDispatcher.dispatchEvent(Ljava/awt/AWTEvent;)Z+50
J 1799 C1 java.awt.Container.dispatchEventImpl(Ljava/awt/AWTEvent;)V (129 bytes) @ 0x00000000030e29e4 [0x00000000030e2900+0xe4]
j  java.awt.Window.dispatchEventImpl(Ljava/awt/AWTEvent;)V+19
J 1798 C1 java.awt.Component.dispatchEvent(Ljava/awt/AWTEvent;)V (6 bytes) @ 0x00000000030e0384 [0x00000000030e0280+0x104]
j  java.awt.EventQueue.dispatchEventImpl(Ljava/awt/AWTEvent;Ljava/lang/Object;)V+41
j  java.awt.EventQueue.access$500(Ljava/awt/EventQueue;Ljava/awt/AWTEvent;Ljava/lang/Object;)V+3
j  java.awt.EventQueue$3.run()Ljava/lang/Void;+32
j  java.awt.EventQueue$3.run()Ljava/lang/Object;+1
v  ~StubRoutines::call_stub
J 1639  java.security.AccessController.doPrivileged(Ljava/security/PrivilegedAction;Ljava/security/AccessControlContext;)Ljava/lang/Object; (0 bytes) @ 0x00000000030547e6 [0x0000000003054780+0x66]
J 1646 C1 java.security.ProtectionDomain$1.doIntersectionPrivilege(Ljava/security/PrivilegedAction;Ljava/security/AccessControlContext;Ljava/security/AccessControlContext;)Ljava/lang/Object; (32 bytes) @ 0x00000000030605bc [0x00000000030602c0+0x2fc]
j  java.security.ProtectionDomain$1.doIntersectionPrivilege(Ljava/security/PrivilegedAction;Ljava/security/AccessControlContext;)Ljava/lang/Object;+6
j  java.awt.EventQueue$4.run()Ljava/lang/Void;+11
j  java.awt.EventQueue$4.run()Ljava/lang/Object;+1
v  ~StubRoutines::call_stub
J 1639  java.security.AccessController.doPrivileged(Ljava/security/PrivilegedAction;Ljava/security/AccessControlContext;)Ljava/lang/Object; (0 bytes) @ 0x00000000030547e6 [0x0000000003054780+0x66]
J 1773 C1 java.awt.EventQueue.dispatchEvent(Ljava/awt/AWTEvent;)V (80 bytes) @ 0x00000000030c9874 [0x00000000030c8bc0+0xcb4]
J 1775 C1 java.awt.EventDispatchThread.pumpOneEventForFilters(I)V (295 bytes) @ 0x00000000030cc9b4 [0x00000000030cad00+0x1cb4]
j  java.awt.EventDispatchThread.pumpEventsForFilter(ILjava/awt/Conditional;Ljava/awt/EventFilter;)V+35
j  java.awt.EventDispatchThread.pumpEventsForHierarchy(ILjava/awt/Conditional;Ljava/awt/Component;)V+11
j  java.awt.EventDispatchThread.pumpEvents(ILjava/awt/Conditional;)V+4
j  java.awt.EventDispatchThread.pumpEvents(Ljava/awt/Conditional;)V+3
j  java.awt.EventDispatchThread.run()V+9
v  ~StubRoutines::call_stub

---------------  P R O C E S S  ---------------

Java Threads: ( => current thread )
  0x0000000018e98800 JavaThread "D3D Screen Updater" daemon [_thread_blocked, id=9696, stack(0x000000001d0b0000,0x000000001d1b0000)]
  0x000000001899e800 JavaThread "TimerQueue" daemon [_thread_blocked, id=6316, stack(0x000000001b770000,0x000000001b870000)]
  0x0000000002a3d800 JavaThread "DestroyJavaVM" [_thread_blocked, id=11588, stack(0x00000000028f0000,0x00000000029f0000)]
=>0x00000000186fc800 JavaThread "AWT-EventQueue-0" [_thread_in_vm, id=1980, stack(0x00000000197a0000,0x00000000198a0000)]
  0x0000000018098800 JavaThread "AWT-Windows" daemon [_thread_in_native, id=8244, stack(0x00000000190b0000,0x00000000191b0000)]
  0x00000000180ae000 JavaThread "AWT-Shutdown" [_thread_blocked, id=10484, stack(0x0000000018fb0000,0x00000000190b0000)]
  0x00000000180ad000 JavaThread "Java2D Disposer" daemon [_thread_blocked, id=8324, stack(0x0000000018eb0000,0x0000000018fb0000)]
  0x0000000017ce0800 JavaThread "Service Thread" daemon [_thread_blocked, id=6752, stack(0x00000000180b0000,0x00000000181b0000)]
  0x0000000016467800 JavaThread "C1 CompilerThread2" daemon [_thread_blocked, id=11256, stack(0x0000000017bb0000,0x0000000017cb0000)]
  0x0000000016461800 JavaThread "C2 CompilerThread1" daemon [_thread_blocked, id=11156, stack(0x0000000017ab0000,0x0000000017bb0000)]
  0x000000001645e000 JavaThread "C2 CompilerThread0" daemon [_thread_blocked, id=6620, stack(0x00000000179b0000,0x0000000017ab0000)]
  0x000000001645c800 JavaThread "Attach Listener" daemon [_thread_blocked, id=7644, stack(0x00000000178b0000,0x00000000179b0000)]
  0x000000001645b800 JavaThread "Signal Dispatcher" daemon [_thread_blocked, id=10940, stack(0x00000000177b0000,0x00000000178b0000)]
  0x0000000002b38800 JavaThread "Finalizer" daemon [_thread_blocked, id=12028, stack(0x00000000176b0000,0x00000000177b0000)]
  0x0000000002b2f800 JavaThread "Reference Handler" daemon [_thread_blocked, id=10760, stack(0x00000000175b0000,0x00000000176b0000)]

Other Threads:
  0x0000000016427800 VMThread [stack: 0x00000000174b0000,0x00000000175b0000] [id=11616]
  0x00000000164bc800 WatcherThread [stack: 0x00000000181b0000,0x00000000182b0000] [id=3540]

VM state:not at safepoint (normal execution)

VM Mutex/Monitor currently owned by a thread: None

Heap:
 PSYoungGen      total 28672K, used 12076K [0x00000000e0300000, 0x00000000e2300000, 0x0000000100000000)
  eden space 24576K, 32% used [0x00000000e0300000,0x00000000e0acf288,0x00000000e1b00000)
  from space 4096K, 99% used [0x00000000e1b00000,0x00000000e1efc010,0x00000000e1f00000)
  to   space 4096K, 0% used [0x00000000e1f00000,0x00000000e1f00000,0x00000000e2300000)
 ParOldGen       total 65536K, used 674K [0x00000000a0800000, 0x00000000a4800000, 0x00000000e0300000)
  object space 65536K, 1% used [0x00000000a0800000,0x00000000a08a8860,0x00000000a4800000)
 Metaspace       used 17065K, capacity 17342K, committed 17536K, reserved 1064960K
  class space    used 1994K, capacity 2065K, committed 2176K, reserved 1048576K

Card table byte_map: [0x0000000011f00000,0x0000000012200000] byte_map_base: 0x00000000119fc000

Marking Bits: (ParMarkBitMap*) 0x0000000050db4040
 Begin Bits: [0x0000000012800000, 0x0000000013fe0000)
 End Bits:   [0x0000000013fe0000, 0x00000000157c0000)

Polling page: 0x0000000001080000

CodeCache: size=245760Kb used=7238Kb max_used=7263Kb free=238521Kb
 bounds [0x0000000002b40000, 0x0000000003260000, 0x0000000011b40000]
 total_blobs=2904 nmethods=2347 adapters=469
 compilation: enabled

Compilation events (10 events):
Event: 4.529 Thread 0x0000000016467800 2342   !   3       java.security.Provider$Service::getImplClass (186 bytes)
Event: 4.529 Thread 0x0000000016461800 nmethod 2345 0x000000000323fa10 code [0x000000000323fb40, 0x000000000323fbb8]
Event: 4.529 Thread 0x0000000016461800 2346       4       sun.security.provider.MD5::II (31 bytes)
Event: 4.529 Thread 0x0000000016461800 nmethod 2346 0x000000000323f810 code [0x000000000323f940, 0x000000000323f9b8]
Event: 4.530 Thread 0x0000000016467800 nmethod 2342 0x000000000324b850 code [0x000000000324bca0, 0x000000000324e748]
Event: 4.530 Thread 0x0000000016467800 2347       3       sun.security.provider.DigestBase::engineDigest (112 bytes)
Event: 4.531 Thread 0x0000000016467800 nmethod 2347 0x000000000324fe50 code [0x00000000032500c0, 0x0000000003251158]
Event: 4.534 Thread 0x0000000016467800 2348       1       java.util.logging.Level::intValue (5 bytes)
Event: 4.534 Thread 0x0000000016467800 nmethod 2348 0x000000000323f550 code [0x000000000323f6a0, 0x000000000323f7b0]
Event: 4.535 Thread 0x000000001645e000 nmethod 2187 0x0000000003256a10 code [0x0000000003256e40, 0x000000000325a830]

GC Heap History (2 events):
Event: 4.372 GC heap before
{Heap before GC invocations=1 (full 0):
 PSYoungGen      total 28672K, used 24576K [0x00000000e0300000, 0x00000000e2300000, 0x0000000100000000)
  eden space 24576K, 100% used [0x00000000e0300000,0x00000000e1b00000,0x00000000e1b00000)
  from space 4096K, 0% used [0x00000000e1f00000,0x00000000e1f00000,0x00000000e2300000)
  to   space 4096K, 0% used [0x00000000e1b00000,0x00000000e1b00000,0x00000000e1f00000)
 ParOldGen       total 65536K, used 0K [0x00000000a0800000, 0x00000000a4800000, 0x00000000e0300000)
  object space 65536K, 0% used [0x00000000a0800000,0x00000000a0800000,0x00000000a4800000)
 Metaspace       used 16265K, capacity 16502K, committed 16640K, reserved 1064960K
  class space    used 1921K, capacity 1998K, committed 2048K, reserved 1048576K
Event: 4.379 GC heap after
Heap after GC invocations=1 (full 0):
 PSYoungGen      total 28672K, used 4080K [0x00000000e0300000, 0x00000000e2300000, 0x0000000100000000)
  eden space 24576K, 0% used [0x00000000e0300000,0x00000000e0300000,0x00000000e1b00000)
  from space 4096K, 99% used [0x00000000e1b00000,0x00000000e1efc010,0x00000000e1f00000)
  to   space 4096K, 0% used [0x00000000e1f00000,0x00000000e1f00000,0x00000000e2300000)
 ParOldGen       total 65536K, used 674K [0x00000000a0800000, 0x00000000a4800000, 0x00000000e0300000)
  object space 65536K, 1% used [0x00000000a0800000,0x00000000a08a8860,0x00000000a4800000)
 Metaspace       used 16265K, capacity 16502K, committed 16640K, reserved 1064960K
  class space    used 1921K, capacity 1998K, committed 2048K, reserved 1048576K
}

Deoptimization events (10 events):
Event: 3.793 Thread 0x00000000186fc800 Uncommon trap: reason=unstable_if action=reinterpret pc=0x0000000002d35a94 method=java.lang.String.indexOf([CII[CIII)I @ 3
Event: 3.808 Thread 0x00000000186fc800 Uncommon trap: reason=class_check action=maybe_recompile pc=0x0000000002e656dc method=java.util.HashSet.add(Ljava/lang/Object;)Z @ 8
Event: 3.812 Thread 0x00000000186fc800 Uncommon trap: reason=class_check action=maybe_recompile pc=0x0000000002e656dc method=java.util.HashSet.add(Ljava/lang/Object;)Z @ 8
Event: 3.905 Thread 0x00000000186fc800 Uncommon trap: reason=class_check action=maybe_recompile pc=0x0000000002e656dc method=java.util.HashSet.add(Ljava/lang/Object;)Z @ 8
Event: 3.905 Thread 0x00000000186fc800 Uncommon trap: reason=class_check action=maybe_recompile pc=0x0000000002e656dc method=java.util.HashSet.add(Ljava/lang/Object;)Z @ 8
Event: 3.905 Thread 0x00000000186fc800 Uncommon trap: reason=class_check action=maybe_recompile pc=0x0000000002d78aa8 method=java.util.HashMap.putVal(ILjava/lang/Object;Ljava/lang/Object;ZZ)Ljava/lang/Object; @ 253
Event: 3.905 Thread 0x00000000186fc800 Uncommon trap: reason=class_check action=maybe_recompile pc=0x0000000002d78aa8 method=java.util.HashMap.putVal(ILjava/lang/Object;Ljava/lang/Object;ZZ)Ljava/lang/Object; @ 253
Event: 3.905 Thread 0x00000000186fc800 Uncommon trap: reason=class_check action=maybe_recompile pc=0x0000000002d78aa8 method=java.util.HashMap.putVal(ILjava/lang/Object;Ljava/lang/Object;ZZ)Ljava/lang/Object; @ 253
Event: 3.905 Thread 0x00000000186fc800 Uncommon trap: reason=class_check action=maybe_recompile pc=0x0000000002d78aa8 method=java.util.HashMap.putVal(ILjava/lang/Object;Ljava/lang/Object;ZZ)Ljava/lang/Object; @ 253
Event: 4.379 Thread 0x00000000186fc800 Uncommon trap: reason=unstable_if action=reinterpret pc=0x0000000002f57e00 method=java.lang.ref.SoftReference.get()Ljava/lang/Object; @ 17

Internal exceptions (10 events):
Event: 0.281 Thread 0x0000000002a3d800 Exception <a 'java/lang/ClassNotFoundException': ToolBar> (0x00000000e077dbe8) thrown at [C:\re\workspace\8-2-build-windows-amd64-cygwin\jdk8u45\3627\hotspot\src\share\vm\classfile\systemDictionary.cpp, line 210]
Event: 0.281 Thread 0x0000000002a3d800 Exception <a 'java/lang/ClassNotFoundException': ToggleButton> (0x00000000e077e140) thrown at [C:\re\workspace\8-2-build-windows-amd64-cygwin\jdk8u45\3627\hotspot\src\share\vm\classfile\systemDictionary.cpp, line 210]
Event: 0.281 Thread 0x0000000002a3d800 Exception <a 'java/lang/ClassNotFoundException': javax/swing/JToolBarSeparator> (0x00000000e077e548) thrown at [C:\re\workspace\8-2-build-windows-amd64-cygwin\jdk8u45\3627\hotspot\src\share\vm\classfile\systemDictionary.cpp, line 210]
Event: 0.281 Thread 0x0000000002a3d800 Exception <a 'java/lang/ClassNotFoundException': ToolBarSeparator> (0x00000000e077e988) thrown at [C:\re\workspace\8-2-build-windows-amd64-cygwin\jdk8u45\3627\hotspot\src\share\vm\classfile\systemDictionary.cpp, line 210]
Event: 0.281 Thread 0x0000000002a3d800 Exception <a 'java/lang/ClassNotFoundException': ToolTip> (0x00000000e077f070) thrown at [C:\re\workspace\8-2-build-windows-amd64-cygwin\jdk8u45\3627\hotspot\src\share\vm\classfile\systemDictionary.cpp, line 210]
Event: 0.282 Thread 0x0000000002a3d800 Exception <a 'java/lang/ClassNotFoundException': Tree> (0x00000000e077fc38) thrown at [C:\re\workspace\8-2-build-windows-amd64-cygwin\jdk8u45\3627\hotspot\src\share\vm\classfile\systemDictionary.cpp, line 210]
Event: 0.282 Thread 0x0000000002a3d800 Exception <a 'java/lang/ClassNotFoundException': Tree> (0x00000000e0780320) thrown at [C:\re\workspace\8-2-build-windows-amd64-cygwin\jdk8u45\3627\hotspot\src\share\vm\classfile\systemDictionary.cpp, line 210]
Event: 0.282 Thread 0x0000000002a3d800 Exception <a 'java/lang/ClassNotFoundException': javax/swing/JTreeCell> (0x00000000e0780648) thrown at [C:\re\workspace\8-2-build-windows-amd64-cygwin\jdk8u45\3627\hotspot\src\share\vm\classfile\systemDictionary.cpp, line 210]
Event: 0.282 Thread 0x0000000002a3d800 Exception <a 'java/lang/ClassNotFoundException': TreeCell> (0x00000000e0780a78) thrown at [C:\re\workspace\8-2-build-windows-amd64-cygwin\jdk8u45\3627\hotspot\src\share\vm\classfile\systemDictionary.cpp, line 210]
Event: 0.282 Thread 0x0000000002a3d800 Exception <a 'java/lang/ClassNotFoundException': RootPane> (0x00000000e0781480) thrown at [C:\re\workspace\8-2-build-windows-amd64-cygwin\jdk8u45\3627\hotspot\src\share\vm\classfile\systemDictionary.cpp, line 210]

Events (10 events):
Event: 4.530 loading class com/sun/crypto/provider/HmacSHA1
Event: 4.530 loading class com/sun/crypto/provider/HmacSHA1 done
Event: 4.530 loading class com/sun/crypto/provider/HmacCore
Event: 4.530 loading class com/sun/crypto/provider/HmacCore done
Event: 4.530 loading class javax/crypto/MacSpi
Event: 4.530 loading class javax/crypto/MacSpi done
Event: 4.533 loading class sun/security/ssl/CipherBox$1
Event: 4.533 loading class sun/security/ssl/CipherBox$1 done
Event: 4.534 loading class com/microsoft/sqlserver/jdbc/AuthenticationJNI
Event: 4.534 loading class com/microsoft/sqlserver/jdbc/AuthenticationJNI done


Dynamic libraries:
0x00007ff6519c0000 - 0x00007ff6519f7000 	C:\Program Files\Java\jdk1.8.0_45\bin\java.exe
0x00007fff739f0000 - 0x00007fff73b9c000 	C:\Windows\SYSTEM32\ntdll.dll
0x00007fff72670000 - 0x00007fff727ae000 	C:\Windows\system32\KERNEL32.DLL
0x00007fff70ea0000 - 0x00007fff70fb5000 	C:\Windows\system32\KERNELBASE.dll
0x00007fff6f670000 - 0x00007fff6f6fe000 	C:\Windows\system32\apphelp.dll
0x00007fff6a050000 - 0x00007fff6a0a3000 	C:\Windows\AppPatch\AppPatch64\AcGenral.DLL
0x00007fff736c0000 - 0x00007fff7376a000 	C:\Windows\system32\msvcrt.dll
0x00007fff70970000 - 0x00007fff7099e000 	C:\Windows\SYSTEM32\SspiCli.dll
0x00007fff72ed0000 - 0x00007fff72f24000 	C:\Windows\system32\SHLWAPI.dll
0x00007fff73150000 - 0x00007fff732c7000 	C:\Windows\system32\USER32.dll
0x00007fff73790000 - 0x00007fff73924000 	C:\Windows\system32\ole32.dll
0x00007fff71070000 - 0x00007fff7259b000 	C:\Windows\system32\SHELL32.dll
0x00007fff700e0000 - 0x00007fff70101000 	C:\Windows\SYSTEM32\USERENV.dll
0x00007fff72940000 - 0x00007fff729ea000 	C:\Windows\system32\ADVAPI32.dll
0x00007fff63340000 - 0x00007fff6335e000 	C:\Windows\SYSTEM32\MPR.dll
0x00007fff732d0000 - 0x00007fff73411000 	C:\Windows\system32\RPCRT4.dll
0x00007fff73660000 - 0x00007fff736b9000 	C:\Windows\SYSTEM32\sechost.dll
0x00007fff72f30000 - 0x00007fff73141000 	C:\Windows\SYSTEM32\combase.dll
0x00007fff727f0000 - 0x00007fff72940000 	C:\Windows\system32\GDI32.dll
0x00007fff70b40000 - 0x00007fff70b55000 	C:\Windows\SYSTEM32\profapi.dll
0x00007fff6f2d0000 - 0x00007fff6f382000 	C:\Windows\SYSTEM32\SHCORE.dll
0x00007fff727b0000 - 0x00007fff727e6000 	C:\Windows\system32\IMM32.DLL
0x00007fff73500000 - 0x00007fff73652000 	C:\Windows\system32\MSCTF.dll
0x00007fff6e720000 - 0x00007fff6e99b000 	C:\Windows\WinSxS\amd64_microsoft.windows.common-controls_6595b64144ccf1df_6.0.9600.18006_none_623f33d3ecbe86e8\COMCTL32.dll
0x00000000504d0000 - 0x00000000505a2000 	C:\Program Files\Java\jdk1.8.0_45\jre\bin\msvcr100.dll
0x00000000505b0000 - 0x0000000050e33000 	C:\Program Files\Java\jdk1.8.0_45\jre\bin\server\jvm.dll
0x00007fff68040000 - 0x00007fff68049000 	C:\Windows\SYSTEM32\WSOCK32.dll
0x00007fff6d070000 - 0x00007fff6d092000 	C:\Windows\SYSTEM32\WINMM.dll
0x00007fff6fb80000 - 0x00007fff6fb8a000 	C:\Windows\SYSTEM32\VERSION.dll
0x00007fff73770000 - 0x00007fff73777000 	C:\Windows\system32\PSAPI.DLL
0x00007fff73480000 - 0x00007fff734da000 	C:\Windows\system32\WS2_32.dll
0x00007fff6d030000 - 0x00007fff6d05a000 	C:\Windows\SYSTEM32\WINMMBASE.dll
0x00007fff734e0000 - 0x00007fff734e9000 	C:\Windows\system32\NSI.dll
0x00007fff70e50000 - 0x00007fff70e9f000 	C:\Windows\SYSTEM32\cfgmgr32.dll
0x00007fff6f8e0000 - 0x00007fff6f908000 	C:\Windows\SYSTEM32\DEVOBJ.dll
0x0000000050480000 - 0x000000005048f000 	C:\Program Files\Java\jdk1.8.0_45\jre\bin\verify.dll
0x0000000050450000 - 0x0000000050479000 	C:\Program Files\Java\jdk1.8.0_45\jre\bin\java.dll
0x0000000050430000 - 0x0000000050446000 	C:\Program Files\Java\jdk1.8.0_45\jre\bin\zip.dll
0x0000000050250000 - 0x00000000503e8000 	C:\Program Files\Java\jdk1.8.0_45\jre\bin\awt.dll
0x00007fff725a0000 - 0x00007fff72661000 	C:\Windows\system32\OLEAUT32.dll
0x00007fff6f530000 - 0x00007fff6f659000 	C:\Windows\system32\uxtheme.dll
0x0000000051050000 - 0x0000000051056000 	C:\Program Files\ESET\ESET NOD32 Antivirus\eplgHooks.dll
0x00007fff6ee40000 - 0x00007fff6ee61000 	C:\Windows\system32\dwmapi.dll
0x00007fff6f930000 - 0x00007fff6f93b000 	C:\Windows\SYSTEM32\kernel.appcore.dll
0x00007fff70a10000 - 0x00007fff70a1b000 	C:\Windows\SYSTEM32\CRYPTBASE.dll
0x00007fff709a0000 - 0x00007fff70a03000 	C:\Windows\SYSTEM32\bcryptPrimitives.dll
0x0000000050200000 - 0x0000000050247000 	C:\Program Files\Java\jdk1.8.0_45\jre\bin\fontmanager.dll
0x00007fff5b990000 - 0x00007fff5bbb1000 	C:\Windows\system32\d3d9.dll
0x00007fff4cda0000 - 0x00007fff4de56000 	C:\Windows\SYSTEM32\nvd3dumx.dll
0x00007fff70a40000 - 0x00007fff70a86000 	C:\Windows\system32\powrprof.dll
0x00007fff6d710000 - 0x00007fff6d87c000 	C:\Program Files (x86)\NVIDIA Corporation\3D Vision\nvSCPAPI64.dll
0x00007fff729f0000 - 0x00007fff72bca000 	C:\Windows\system32\SETUPAPI.dll
0x0000000050410000 - 0x000000005042a000 	C:\Program Files\Java\jdk1.8.0_45\jre\bin\net.dll
0x0000000180000000 - 0x000000018006d000 	C:\Windows\system32\LavasoftTcpService64.dll
0x00007fff70350000 - 0x00007fff703a9000 	C:\Windows\SYSTEM32\MSWSOCK.dll
0x00007fff6fb90000 - 0x00007fff6fbba000 	C:\Windows\SYSTEM32\IPHLPAPI.DLL
0x00007fff6fb70000 - 0x00007fff6fb7a000 	C:\Windows\SYSTEM32\WINNSI.DLL
0x00000000503f0000 - 0x0000000050401000 	C:\Program Files\Java\jdk1.8.0_45\jre\bin\nio.dll
0x00000000501b0000 - 0x00000000501f1000 	C:\Program Files\Java\jdk1.8.0_45\jre\bin\t2k.dll
0x00007fff72c60000 - 0x00007fff72d16000 	C:\Windows\SYSTEM32\clbcatq.dll
0x00007fff6dac0000 - 0x00007fff6dc6e000 	C:\Windows\SYSTEM32\WindowsCodecs.dll
0x00007fff703b0000 - 0x00007fff703d0000 	C:\Windows\SYSTEM32\CRYPTSP.dll
0x00007fff6ffd0000 - 0x00007fff70006000 	C:\Windows\system32\rsaenh.dll
0x00007fff70600000 - 0x00007fff70626000 	C:\Windows\SYSTEM32\bcrypt.dll
0x0000000050140000 - 0x000000005016a000 	C:\Program Files\Java\jdk1.8.0_45\jre\bin\dcpr.dll
0x00007fff70150000 - 0x00007fff701f4000 	C:\Windows\SYSTEM32\DNSAPI.dll
0x0000000052ef0000 - 0x0000000052f16000 	C:\Program Files\Bonjour\mdnsNSP.dll
0x00007fff6ad90000 - 0x00007fff6ad9a000 	C:\Windows\System32\rasadhlp.dll
0x00007fff6acb0000 - 0x00007fff6ad1b000 	C:\Windows\System32\fwpuclnt.dll
0x0000000050170000 - 0x0000000050194000 	C:\Program Files\Java\jdk1.8.0_45\jre\bin\sunec.dll
0x00007fff6ac40000 - 0x00007fff6ac56000 	C:\Windows\SYSTEM32\dhcpcsvc6.DLL
0x00007fff6ae40000 - 0x00007fff6ae5a000 	C:\Windows\SYSTEM32\dhcpcsvc.DLL
0x00007fff69100000 - 0x00007fff69115000 	C:\Windows\system32\napinsp.dll
0x00007fff690e0000 - 0x00007fff690fa000 	C:\Windows\system32\pnrpnsp.dll
0x00007fff6c300000 - 0x00007fff6c31b000 	C:\Windows\system32\NLAapi.dll
0x00007fff6b1c0000 - 0x00007fff6b1cd000 	C:\Windows\System32\winrnr.dll
0x00007fff64e40000 - 0x00007fff64e62000 	C:\Program Files\Java\jdk1.8.0_45\jre\bin\sqljdbc_auth.dll
0x00007fff63e30000 - 0x00007fff63e3c000 	C:\Windows\system32\secur32.dll
0x00007fff703d0000 - 0x00007fff704c9000 	C:\Windows\system32\kerberos.DLL
0x00007fff70bf0000 - 0x00007fff70c01000 	C:\Windows\system32\MSASN1.dll
0x00007fff704d0000 - 0x00007fff704ea000 	C:\Windows\SYSTEM32\cryptdll.dll
0x00007fff702e0000 - 0x00007fff7034e000 	C:\Windows\system32\msv1_0.DLL
0x00007fff6bb90000 - 0x00007fff6bbb9000 	C:\Windows\system32\ntdsapi.dll
0x00007fff5dec0000 - 0x00007fff5e049000 	C:\Windows\SYSTEM32\dbghelp.dll

VM Arguments:
jvm_args: -Dfile.encoding=UTF-8 
java_command: GUI.Principal
java_class_path (initial): D:\ArmanJB\Escritorio\MAG\sqljdbc4.jar;D:\ArmanJB\Escritorio\MAG\EncuestaMAGJAVA\build\classes
Launcher Type: SUN_STANDARD

Environment Variables:
JAVA_HOME=C:\Program Files\Java\jdk1.8.0_45
PATH=C:\Program Files (x86)\Common Files\Intel\Shared Files\cpp\bin\Intel64;C:\ProgramData\Oracle\Java\javapath;C:\Program Files (x86)\NVIDIA Corporation\PhysX\Common;C:\Windows\system32;C:\Windows;C:\Windows\System32\Wbem;C:\Windows\System32\WindowsPowerShell\v1.0\;C:\Program Files (x86)\Microsoft SQL Server\100\Tools\Binn\;C:\Program Files (x86)\Microsoft SQL Server\100\DTS\Binn\;C:\Program Files (x86)\Microsoft SQL Server\100\Tools\Binn\VSShell\Common7\IDE\;C:\Program Files (x86)\Microsoft Visual Studio 9.0\Common7\IDE\PrivateAssemblies\;C:\Program Files\Common Files\Autodesk Shared\;C:\Program Files\Microsoft\Web Platform Installer\;C:\Program Files (x86)\Microsoft ASP.NET\ASP.NET Web Pages\v1.0\;C:\Program Files (x86)\Windows Kits\8.0\Windows Performance Toolkit\;C:\Program Files\Microsoft SQL Server\110\Tools\Binn\;C:\Program Files (x86)\Windows Live\Shared;C:\Program Files (x86)\Skype\Phone\;C:\xampp\php;C:\ProgramData\ComposerSetup\bin;C:\Windows\system32\config\systemprofile\.dnx\bin;C:\Program Files\Microsoft DNX\Dnvm\;C:\Users\ArmanJB\AppData\Roaming\Composer\vendor\bin
USERNAME=ArmanJB
OS=Windows_NT
PROCESSOR_IDENTIFIER=Intel64 Family 6 Model 42 Stepping 7, GenuineIntel



---------------  S Y S T E M  ---------------

OS: Windows 8.1 , 64 bit Build 9600 (6.3.9600.17415)

CPU:total 4 (4 cores per cpu, 1 threads per core) family 6 model 42 stepping 7, cmov, cx8, fxsr, mmx, sse, sse2, sse3, ssse3, sse4.1, sse4.2, popcnt, avx, aes, clmul, tsc, tscinvbit

Memory: 4k page, physical 6255828k(1541596k free), swap 7595684k(1801168k free)

vm_info: Java HotSpot(TM) 64-Bit Server VM (25.45-b02) for windows-amd64 JRE (1.8.0_45-b15), built on Apr 30 2015 12:40:44 by "java_re" with MS VC++ 10.0 (VS2010)

time: Mon May 30 17:59:29 2016
elapsed time: 4 seconds (0d 0h 0m 4s)

